2025-12-29 02:41:10 +00:00: Performing system checks...
2025-12-29 02:41:10 +00:00: 
2025-12-29 02:41:10 +00:00: System check identified no issues (0 silenced).
2026-01-02 05:09:06 +00:00: Performing system checks...
2026-01-02 05:09:06 +00:00: 
2026-01-02 05:09:06 +00:00: System check identified no issues (0 silenced).
2026-01-02 05:11:46 +00:00: Performing system checks...
2026-01-02 05:11:46 +00:00: 
2026-01-02 05:11:47 +00:00: System check identified no issues (0 silenced).
2026-01-02 05:11:47 +00:00: January 02, 2026 - 05:11:47
2026-01-02 05:11:47 +00:00: Django version 4.2.7, using settings 'spiritbead.settings'
2026-01-02 05:11:47 +00:00: Starting development server at http://0.0.0.0:8000/
2026-01-02 05:11:47 +00:00: Quit the server with CONTROL-C.
2026-01-02 05:11:47 +00:00: 
2026-01-02 05:14:48 +00:00: Performing system checks...
2026-01-02 05:14:48 +00:00: 
2026-01-02 05:14:49 +00:00: System check identified no issues (0 silenced).
2026-01-02 05:14:49 +00:00: January 02, 2026 - 05:14:49
2026-01-02 05:14:49 +00:00: Django version 4.2.7, using settings 'spiritbead.settings'
2026-01-02 05:14:49 +00:00: Starting development server at http://0.0.0.0:8000/
2026-01-02 05:14:49 +00:00: Quit the server with CONTROL-C.
2026-01-02 05:14:49 +00:00: 
2026-01-02 05:14:56 +00:00: Performing system checks...
2026-01-02 05:14:56 +00:00: 
2026-01-02 05:14:56 +00:00: System check identified no issues (0 silenced).
2026-01-02 05:14:57 +00:00: January 02, 2026 - 05:14:57
2026-01-02 05:14:57 +00:00: Django version 4.2.7, using settings 'spiritbead.settings'
2026-01-02 05:14:57 +00:00: Starting development server at http://0.0.0.0:8000/
2026-01-02 05:14:57 +00:00: Quit the server with CONTROL-C.
2026-01-02 05:14:57 +00:00: 
2026-01-02 05:15:08 +00:00: Performing system checks...
2026-01-02 05:15:08 +00:00: 
2026-01-02 05:15:08 +00:00: System check identified no issues (0 silenced).
2026-01-02 05:15:08 +00:00: January 02, 2026 - 05:15:08
2026-01-02 05:15:08 +00:00: Django version 4.2.7, using settings 'spiritbead.settings'
2026-01-02 05:15:08 +00:00: Starting development server at http://0.0.0.0:8000/
2026-01-02 05:15:08 +00:00: Quit the server with CONTROL-C.
2026-01-02 05:15:08 +00:00: 
2026-01-02 05:17:41 +00:00: Performing system checks...
2026-01-02 05:17:41 +00:00: 
2026-01-02 05:17:41 +00:00: System check identified no issues (0 silenced).
2026-01-02 05:17:53 +00:00: Performing system checks...
2026-01-02 05:17:53 +00:00: 
2026-01-02 05:17:54 +00:00: System check identified no issues (0 silenced).
2026-01-02 05:18:33 +00:00: Performing system checks...
2026-01-02 05:18:33 +00:00: 
2026-01-02 05:18:33 +00:00: System check identified no issues (0 silenced).
2026-01-02 05:18:33 +00:00: January 02, 2026 - 05:18:33
2026-01-02 05:18:33 +00:00: Django version 4.2.7, using settings 'spiritbead.settings'
2026-01-02 05:18:33 +00:00: Starting development server at http://0.0.0.0:8000/
2026-01-02 05:18:33 +00:00: Quit the server with CONTROL-C.
2026-01-02 05:18:33 +00:00: 
2026-01-02 05:18:39 +00:00: Performing system checks...
2026-01-02 05:18:39 +00:00: 
2026-01-02 05:18:39 +00:00: System check identified no issues (0 silenced).
2026-01-02 05:18:39 +00:00: January 02, 2026 - 05:18:39
2026-01-02 05:18:39 +00:00: Django version 4.2.7, using settings 'spiritbead.settings'
2026-01-02 05:18:39 +00:00: Starting development server at http://0.0.0.0:8000/
2026-01-02 05:18:39 +00:00: Quit the server with CONTROL-C.
2026-01-02 05:18:39 +00:00: 
2026-01-02 05:18:44 +00:00: Performing system checks...
2026-01-02 05:18:44 +00:00: 
2026-01-02 05:18:44 +00:00: System check identified no issues (0 silenced).
2026-01-02 05:18:44 +00:00: 
2026-01-02 05:18:44 +00:00: You have 3 unapplied migration(s). Your project may not work properly until you apply the migrations for app(s): authtoken.
2026-01-02 05:18:44 +00:00: Run 'python manage.py migrate' to apply them.
2026-01-02 05:18:44 +00:00: January 02, 2026 - 05:18:44
2026-01-02 05:18:44 +00:00: Django version 4.2.7, using settings 'spiritbead.settings'
2026-01-02 05:18:44 +00:00: Starting development server at http://0.0.0.0:8000/
2026-01-02 05:18:44 +00:00: Quit the server with CONTROL-C.
2026-01-02 05:18:44 +00:00: 
2026-01-02 05:18:48 +00:00: Performing system checks...
2026-01-02 05:18:48 +00:00: 
2026-01-02 05:18:48 +00:00: System check identified no issues (0 silenced).
2026-01-02 05:18:48 +00:00: 
2026-01-02 05:18:48 +00:00: You have 3 unapplied migration(s). Your project may not work properly until you apply the migrations for app(s): authtoken.
2026-01-02 05:18:48 +00:00: Run 'python manage.py migrate' to apply them.
2026-01-02 05:18:48 +00:00: January 02, 2026 - 05:18:48
2026-01-02 05:18:48 +00:00: Django version 4.2.7, using settings 'spiritbead.settings'
2026-01-02 05:18:48 +00:00: Starting development server at http://0.0.0.0:8000/
2026-01-02 05:18:48 +00:00: Quit the server with CONTROL-C.
2026-01-02 05:18:48 +00:00: 
2026-01-02 05:18:52 +00:00: Performing system checks...
2026-01-02 05:18:52 +00:00: 
2026-01-02 05:18:52 +00:00: System check identified no issues (0 silenced).
2026-01-02 05:18:52 +00:00: 
2026-01-02 05:18:52 +00:00: You have 3 unapplied migration(s). Your project may not work properly until you apply the migrations for app(s): authtoken.
2026-01-02 05:18:52 +00:00: Run 'python manage.py migrate' to apply them.
2026-01-02 05:18:52 +00:00: January 02, 2026 - 05:18:52
2026-01-02 05:18:52 +00:00: Django version 4.2.7, using settings 'spiritbead.settings'
2026-01-02 05:18:52 +00:00: Starting development server at http://0.0.0.0:8000/
2026-01-02 05:18:52 +00:00: Quit the server with CONTROL-C.
2026-01-02 05:18:52 +00:00: 
2026-01-02 05:18:57 +00:00: Performing system checks...
2026-01-02 05:18:57 +00:00: 
2026-01-02 05:18:58 +00:00: System check identified no issues (0 silenced).
2026-01-02 05:18:58 +00:00: 
2026-01-02 05:18:58 +00:00: You have 3 unapplied migration(s). Your project may not work properly until you apply the migrations for app(s): authtoken.
2026-01-02 05:18:58 +00:00: Run 'python manage.py migrate' to apply them.
2026-01-02 05:18:58 +00:00: January 02, 2026 - 05:18:58
2026-01-02 05:18:58 +00:00: Django version 4.2.7, using settings 'spiritbead.settings'
2026-01-02 05:18:58 +00:00: Starting development server at http://0.0.0.0:8000/
2026-01-02 05:18:58 +00:00: Quit the server with CONTROL-C.
2026-01-02 05:18:58 +00:00: 
2026-01-02 05:19:07 +00:00: Performing system checks...
2026-01-02 05:19:07 +00:00: 
2026-01-02 05:19:07 +00:00: System check identified no issues (0 silenced).
2026-01-02 05:19:07 +00:00: 
2026-01-02 05:19:07 +00:00: You have 3 unapplied migration(s). Your project may not work properly until you apply the migrations for app(s): authtoken.
2026-01-02 05:19:07 +00:00: Run 'python manage.py migrate' to apply them.
2026-01-02 05:19:07 +00:00: January 02, 2026 - 05:19:07
2026-01-02 05:19:07 +00:00: Django version 4.2.7, using settings 'spiritbead.settings'
2026-01-02 05:19:07 +00:00: Starting development server at http://0.0.0.0:8000/
2026-01-02 05:19:07 +00:00: Quit the server with CONTROL-C.
2026-01-02 05:19:07 +00:00: 
2026-01-02 05:22:59 +00:00: Performing system checks...
2026-01-02 05:22:59 +00:00: 
2026-01-02 05:23:00 +00:00: System check identified no issues (0 silenced).
2026-01-02 05:23:00 +00:00: 
2026-01-02 05:23:00 +00:00: You have 3 unapplied migration(s). Your project may not work properly until you apply the migrations for app(s): authtoken.
2026-01-02 05:23:00 +00:00: Run 'python manage.py migrate' to apply them.
2026-01-02 05:23:00 +00:00: January 02, 2026 - 05:23:00
2026-01-02 05:23:00 +00:00: Django version 4.2.7, using settings 'spiritbead.settings'
2026-01-02 05:23:00 +00:00: Starting development server at http://0.0.0.0:8000/
2026-01-02 05:23:00 +00:00: Quit the server with CONTROL-C.
2026-01-02 05:23:00 +00:00: 
2026-01-02 05:23:48 +00:00: Performing system checks...
2026-01-02 05:23:48 +00:00: 
2026-01-02 05:23:48 +00:00: System check identified no issues (0 silenced).
2026-01-02 05:23:48 +00:00: 
2026-01-02 05:23:48 +00:00: You have 3 unapplied migration(s). Your project may not work properly until you apply the migrations for app(s): authtoken.
2026-01-02 05:23:48 +00:00: Run 'python manage.py migrate' to apply them.
2026-01-02 05:23:48 +00:00: January 02, 2026 - 05:23:48
2026-01-02 05:23:48 +00:00: Django version 4.2.7, using settings 'spiritbead.settings'
2026-01-02 05:23:48 +00:00: Starting development server at http://0.0.0.0:8000/
2026-01-02 05:23:48 +00:00: Quit the server with CONTROL-C.
2026-01-02 05:23:48 +00:00: 
2026-01-02 05:23:51 +00:00: Performing system checks...
2026-01-02 05:23:51 +00:00: 
2026-01-02 05:23:51 +00:00: System check identified no issues (0 silenced).
2026-01-02 05:23:51 +00:00: January 02, 2026 - 05:23:51
2026-01-02 05:23:51 +00:00: Django version 4.2.7, using settings 'spiritbead.settings'
2026-01-02 05:23:51 +00:00: Starting development server at http://0.0.0.0:8000/
2026-01-02 05:23:51 +00:00: Quit the server with CONTROL-C.
2026-01-02 05:23:51 +00:00: 
2026-01-02 05:24:00 +00:00: Performing system checks...
2026-01-02 05:24:00 +00:00: 
2026-01-02 05:24:00 +00:00: System check identified no issues (0 silenced).
2026-01-02 05:24:00 +00:00: January 02, 2026 - 05:24:00
2026-01-02 05:24:00 +00:00: Django version 4.2.7, using settings 'spiritbead.settings'
2026-01-02 05:24:00 +00:00: Starting development server at http://0.0.0.0:8000/
2026-01-02 05:24:00 +00:00: Quit the server with CONTROL-C.
2026-01-02 05:24:00 +00:00: 
2026-01-02 05:25:06 +00:00: Performing system checks...
2026-01-02 05:25:06 +00:00: 
2026-01-02 05:25:06 +00:00: System check identified no issues (0 silenced).
2026-01-02 05:25:06 +00:00: January 02, 2026 - 05:25:06
2026-01-02 05:25:06 +00:00: Django version 4.2.7, using settings 'spiritbead.settings'
2026-01-02 05:25:06 +00:00: Starting development server at http://0.0.0.0:8000/
2026-01-02 05:25:06 +00:00: Quit the server with CONTROL-C.
2026-01-02 05:25:06 +00:00: 
2026-01-02 05:25:15 +00:00: Performing system checks...
2026-01-02 05:25:15 +00:00: 
2026-01-02 05:25:15 +00:00: System check identified no issues (0 silenced).
2026-01-02 05:25:15 +00:00: January 02, 2026 - 05:25:15
2026-01-02 05:25:15 +00:00: Django version 4.2.7, using settings 'spiritbead.settings'
2026-01-02 05:25:15 +00:00: Starting development server at http://0.0.0.0:8000/
2026-01-02 05:25:15 +00:00: Quit the server with CONTROL-C.
2026-01-02 05:25:15 +00:00: 
2026-01-02 05:25:39 +00:00: Performing system checks...
2026-01-02 05:25:39 +00:00: 
2026-01-02 05:25:39 +00:00: System check identified no issues (0 silenced).
2026-01-02 05:25:39 +00:00: January 02, 2026 - 05:25:39
2026-01-02 05:25:39 +00:00: Django version 4.2.7, using settings 'spiritbead.settings'
2026-01-02 05:25:39 +00:00: Starting development server at http://0.0.0.0:8000/
2026-01-02 05:25:39 +00:00: Quit the server with CONTROL-C.
2026-01-02 05:25:39 +00:00: 
2026-01-02 05:25:45 +00:00: Performing system checks...
2026-01-02 05:25:45 +00:00: 
2026-01-02 05:25:46 +00:00: System check identified no issues (0 silenced).
2026-01-02 05:25:46 +00:00: January 02, 2026 - 05:25:46
2026-01-02 05:25:46 +00:00: Django version 4.2.7, using settings 'spiritbead.settings'
2026-01-02 05:25:46 +00:00: Starting development server at http://0.0.0.0:8000/
2026-01-02 05:25:46 +00:00: Quit the server with CONTROL-C.
2026-01-02 05:25:46 +00:00: 
2026-01-02 05:27:07 +00:00: Performing system checks...
2026-01-02 05:27:07 +00:00: 
2026-01-02 05:27:07 +00:00: System check identified no issues (0 silenced).
2026-01-02 05:27:07 +00:00: January 02, 2026 - 05:27:07
2026-01-02 05:27:07 +00:00: Django version 4.2.7, using settings 'spiritbead.settings'
2026-01-02 05:27:07 +00:00: Starting development server at http://0.0.0.0:8000/
2026-01-02 05:27:07 +00:00: Quit the server with CONTROL-C.
2026-01-02 05:27:07 +00:00: 
2026-01-02 05:29:06 +00:00: Performing system checks...
2026-01-02 05:29:06 +00:00: 
2026-01-02 05:29:07 +00:00: System check identified no issues (0 silenced).
2026-01-02 05:29:07 +00:00: January 02, 2026 - 05:29:07
2026-01-02 05:29:07 +00:00: Django version 4.2.7, using settings 'spiritbead.settings'
2026-01-02 05:29:07 +00:00: Starting development server at http://0.0.0.0:8000/
2026-01-02 05:29:07 +00:00: Quit the server with CONTROL-C.
2026-01-02 05:29:07 +00:00: 
2026-01-02 05:29:18 +00:00: Performing system checks...
2026-01-02 05:29:18 +00:00: 
2026-01-02 05:29:18 +00:00: System check identified no issues (0 silenced).
2026-01-02 05:29:18 +00:00: January 02, 2026 - 05:29:18
2026-01-02 05:29:18 +00:00: Django version 4.2.7, using settings 'spiritbead.settings'
2026-01-02 05:29:18 +00:00: Starting development server at http://0.0.0.0:8000/
2026-01-02 05:29:18 +00:00: Quit the server with CONTROL-C.
2026-01-02 05:29:18 +00:00: 
2026-01-02 05:40:38 +00:00: Performing system checks...
2026-01-02 05:40:38 +00:00: 
2026-01-02 05:40:38 +00:00: System check identified no issues (0 silenced).
2026-01-02 05:40:38 +00:00: January 02, 2026 - 05:40:38
2026-01-02 05:40:38 +00:00: Django version 4.2.7, using settings 'spiritbead.settings'
2026-01-02 05:40:38 +00:00: Starting development server at http://0.0.0.0:8000/
2026-01-02 05:40:38 +00:00: Quit the server with CONTROL-C.
2026-01-02 05:40:38 +00:00: 
2026-01-02 05:45:14 +00:00: Performing system checks...
2026-01-02 05:45:14 +00:00: 
2026-01-02 05:45:14 +00:00: System check identified no issues (0 silenced).
2026-01-02 05:45:14 +00:00: January 02, 2026 - 05:45:14
2026-01-02 05:45:14 +00:00: Django version 4.2.7, using settings 'spiritbead.settings'
2026-01-02 05:45:14 +00:00: Starting development server at http://0.0.0.0:8000/
2026-01-02 05:45:14 +00:00: Quit the server with CONTROL-C.
2026-01-02 05:45:14 +00:00: 
2026-01-02 05:45:53 +00:00: Performing system checks...
2026-01-02 05:45:53 +00:00: 
2026-01-02 05:45:53 +00:00: System check identified no issues (0 silenced).
2026-01-02 05:45:53 +00:00: January 02, 2026 - 05:45:53
2026-01-02 05:45:53 +00:00: Django version 4.2.7, using settings 'spiritbead.settings'
2026-01-02 05:45:53 +00:00: Starting development server at http://0.0.0.0:8000/
2026-01-02 05:45:53 +00:00: Quit the server with CONTROL-C.
2026-01-02 05:45:53 +00:00: 
2026-01-02 05:48:43 +00:00: Performing system checks...
2026-01-02 05:48:43 +00:00: 
2026-01-02 05:48:44 +00:00: System check identified no issues (0 silenced).
2026-01-02 05:48:44 +00:00: January 02, 2026 - 05:48:44
2026-01-02 05:48:44 +00:00: Django version 4.2.7, using settings 'spiritbead.settings'
2026-01-02 05:48:44 +00:00: Starting development server at http://0.0.0.0:8000/
2026-01-02 05:48:44 +00:00: Quit the server with CONTROL-C.
2026-01-02 05:48:44 +00:00: 
2026-01-02 05:51:34 +00:00: Performing system checks...
2026-01-02 05:51:34 +00:00: 
2026-01-02 05:51:35 +00:00: System check identified no issues (0 silenced).
2026-01-02 05:51:35 +00:00: January 02, 2026 - 05:51:35
2026-01-02 05:51:35 +00:00: Django version 4.2.7, using settings 'spiritbead.settings'
2026-01-02 05:51:35 +00:00: Starting development server at http://0.0.0.0:8000/
2026-01-02 05:51:35 +00:00: Quit the server with CONTROL-C.
2026-01-02 05:51:35 +00:00: 
2026-01-02 06:09:31 +00:00: Performing system checks...
2026-01-02 06:09:31 +00:00: 
2026-01-02 06:09:31 +00:00: System check identified no issues (0 silenced).
2026-01-02 06:09:31 +00:00: January 02, 2026 - 06:09:31
2026-01-02 06:09:31 +00:00: Django version 4.2.7, using settings 'spiritbead.settings'
2026-01-02 06:09:31 +00:00: Starting development server at http://0.0.0.0:8000/
2026-01-02 06:09:31 +00:00: Quit the server with CONTROL-C.
2026-01-02 06:09:31 +00:00: 
2026-01-02 06:09:44 +00:00: Performing system checks...
2026-01-02 06:09:44 +00:00: 
2026-01-02 06:09:44 +00:00: System check identified no issues (0 silenced).
2026-01-02 06:09:44 +00:00: January 02, 2026 - 06:09:44
2026-01-02 06:09:44 +00:00: Django version 4.2.7, using settings 'spiritbead.settings'
2026-01-02 06:09:44 +00:00: Starting development server at http://0.0.0.0:8000/
2026-01-02 06:09:44 +00:00: Quit the server with CONTROL-C.
2026-01-02 06:09:44 +00:00: 
2026-01-02 06:10:13 +00:00: Performing system checks...
2026-01-02 06:10:13 +00:00: 
2026-01-02 06:10:13 +00:00: System check identified no issues (0 silenced).
2026-01-02 06:10:13 +00:00: January 02, 2026 - 06:10:13
2026-01-02 06:10:13 +00:00: Django version 4.2.7, using settings 'spiritbead.settings'
2026-01-02 06:10:13 +00:00: Starting development server at http://0.0.0.0:8000/
2026-01-02 06:10:13 +00:00: Quit the server with CONTROL-C.
2026-01-02 06:10:13 +00:00: 
2026-01-02 06:15:32 +00:00: Performing system checks...
2026-01-02 06:15:32 +00:00: 
2026-01-02 06:15:32 +00:00: System check identified no issues (0 silenced).
2026-01-02 06:15:32 +00:00: January 02, 2026 - 06:15:32
2026-01-02 06:15:32 +00:00: Django version 4.2.7, using settings 'spiritbead.settings'
2026-01-02 06:15:32 +00:00: Starting development server at http://0.0.0.0:8000/
2026-01-02 06:15:32 +00:00: Quit the server with CONTROL-C.
2026-01-02 06:15:32 +00:00: 
2026-01-02 06:15:43 +00:00: Performing system checks...
2026-01-02 06:15:43 +00:00: 
2026-01-02 06:15:43 +00:00: System check identified no issues (0 silenced).
2026-01-02 06:15:43 +00:00: January 02, 2026 - 06:15:43
2026-01-02 06:15:43 +00:00: Django version 4.2.7, using settings 'spiritbead.settings'
2026-01-02 06:15:43 +00:00: Starting development server at http://0.0.0.0:8000/
2026-01-02 06:15:43 +00:00: Quit the server with CONTROL-C.
2026-01-02 06:15:43 +00:00: 
2026-01-02 06:15:53 +00:00: Performing system checks...
2026-01-02 06:15:53 +00:00: 
2026-01-02 06:15:53 +00:00: System check identified no issues (0 silenced).
2026-01-02 06:15:53 +00:00: January 02, 2026 - 06:15:53
2026-01-02 06:15:53 +00:00: Django version 4.2.7, using settings 'spiritbead.settings'
2026-01-02 06:15:53 +00:00: Starting development server at http://0.0.0.0:8000/
2026-01-02 06:15:53 +00:00: Quit the server with CONTROL-C.
2026-01-02 06:15:53 +00:00: 
2026-01-02 06:20:01 +00:00: Performing system checks...
2026-01-02 06:20:01 +00:00: 
2026-01-02 06:20:01 +00:00: System check identified no issues (0 silenced).
2026-01-02 06:20:02 +00:00: January 02, 2026 - 06:20:02
2026-01-02 06:20:02 +00:00: Django version 4.2.7, using settings 'spiritbead.settings'
2026-01-02 06:20:02 +00:00: Starting development server at http://0.0.0.0:8000/
2026-01-02 06:20:02 +00:00: Quit the server with CONTROL-C.
2026-01-02 06:20:02 +00:00: 
2026-01-02 06:20:50 +00:00: Performing system checks...
2026-01-02 06:20:50 +00:00: 
2026-01-02 06:20:50 +00:00: System check identified no issues (0 silenced).
2026-01-02 06:20:50 +00:00: January 02, 2026 - 06:20:50
2026-01-02 06:20:50 +00:00: Django version 4.2.7, using settings 'spiritbead.settings'
2026-01-02 06:20:50 +00:00: Starting development server at http://0.0.0.0:8000/
2026-01-02 06:20:50 +00:00: Quit the server with CONTROL-C.
2026-01-02 06:20:50 +00:00: 
2026-01-02 06:21:07 +00:00: Performing system checks...
2026-01-02 06:21:07 +00:00: 
2026-01-02 06:21:07 +00:00: System check identified no issues (0 silenced).
2026-01-02 06:21:07 +00:00: January 02, 2026 - 06:21:07
2026-01-02 06:21:07 +00:00: Django version 4.2.7, using settings 'spiritbead.settings'
2026-01-02 06:21:07 +00:00: Starting development server at http://0.0.0.0:8000/
2026-01-02 06:21:07 +00:00: Quit the server with CONTROL-C.
2026-01-02 06:21:07 +00:00: 
2026-01-02 06:25:17 +00:00: Performing system checks...
2026-01-02 06:25:17 +00:00: 
2026-01-02 06:25:18 +00:00: System check identified no issues (0 silenced).
2026-01-02 06:25:18 +00:00: January 02, 2026 - 06:25:18
2026-01-02 06:25:18 +00:00: Django version 4.2.7, using settings 'spiritbead.settings'
2026-01-02 06:25:18 +00:00: Starting development server at http://0.0.0.0:8000/
2026-01-02 06:25:18 +00:00: Quit the server with CONTROL-C.
2026-01-02 06:25:18 +00:00: 
2026-01-02 06:25:33 +00:00: Performing system checks...
2026-01-02 06:25:33 +00:00: 
2026-01-02 06:25:33 +00:00: System check identified no issues (0 silenced).
2026-01-02 06:25:33 +00:00: January 02, 2026 - 06:25:33
2026-01-02 06:25:33 +00:00: Django version 4.2.7, using settings 'spiritbead.settings'
2026-01-02 06:25:33 +00:00: Starting development server at http://0.0.0.0:8000/
2026-01-02 06:25:33 +00:00: Quit the server with CONTROL-C.
2026-01-02 06:25:33 +00:00: 
